<?xml version="1.0" encoding="UTF-8"?>
<!-- Generated by org.testng.reporters.JUnitXMLReporter -->
<testsuite ignored="0" hostname="supriya" failures="0" tests="3" name="Test" time="74.695" errors="0" timestamp="2024-06-24T12:36:27 IST">
  <testcase classname="com.comcast.crm.orgtest.CreateOrgwithconfigurationAnnotationTest" name="CreateOrg" time="18.761"/>
  <testcase classname="com.comcast.crm.orgtest.CreateOrgwithconfigurationAnnotationTest" name="CreateOrganizationWithIndustriesTest" time="15.943"/>
  <testcase classname="com.comcast.crm.orgtest.CreateOrgwithconfigurationAnnotationTest" name="CreateOrganizationWithPhoneNumberTest" time="15.547"/>
</testsuite> <!-- Test -->
