<?xml version="1.0" encoding="UTF-8"?>
<!-- Generated by org.testng.reporters.JUnitXMLReporter -->
<testsuite ignored="2" hostname="supriya" failures="0" tests="1" name="Default test" time="40.727" errors="0" timestamp="2024-06-25T13:03:53 IST">
  <testcase classname="com.comcast.crm.orgtest.CreateOrgwithconfigurationAnnotationTest" name="CreateOrg" time="27.834"/>
  <testcase classname="com.comcast.crm.orgtest.CreateOrgwithconfigurationAnnotationTest" name="CreateOrganizationWithPhoneNumberTest" time="0.0">
    <ignored/>
  </testcase> <!-- CreateOrganizationWithPhoneNumberTest -->
  <testcase classname="com.comcast.crm.orgtest.CreateOrgwithconfigurationAnnotationTest" name="CreateOrganizationWithIndustriesTest" time="0.0">
    <ignored/>
  </testcase> <!-- CreateOrganizationWithIndustriesTest -->
</testsuite> <!-- Default test -->
