<?xml version="1.0" encoding="UTF-8"?>
<testng-results ignored="0" total="1" passed="1" failed="0" skipped="0">
  <reporter-output>
  </reporter-output>
  <suite started-at="2024-06-25T13:03:12 IST" name="Default suite" finished-at="2024-06-25T13:03:53 IST" duration-ms="40727">
    <groups>
    </groups>
    <test started-at="2024-06-25T13:03:12 IST" name="Default test" finished-at="2024-06-25T13:03:53 IST" duration-ms="40727">
      <class name="com.comcast.crm.orgtest.CreateOrgwithconfigurationAnnotationTest">
        <test-method is-config="true" signature="configAS()[pri:0, instance:com.comcast.crm.orgtest.CreateOrgwithconfigurationAnnotationTest@8458f04]" started-at="2024-06-25T13:03:12 IST" name="configAS" finished-at="2024-06-25T13:03:12 IST" duration-ms="465" status="PASS">
          <reporter-output>
          </reporter-output>
        </test-method> <!-- configAS -->
        <test-method is-config="true" signature="configBc()[pri:0, instance:com.comcast.crm.orgtest.CreateOrgwithconfigurationAnnotationTest@8458f04]" started-at="2024-06-25T13:03:12 IST" name="configBc" finished-at="2024-06-25T13:03:16 IST" duration-ms="4269" status="PASS">
          <reporter-output>
          </reporter-output>
        </test-method> <!-- configBc -->
        <test-method is-config="true" signature="configBM()[pri:0, instance:com.comcast.crm.orgtest.CreateOrgwithconfigurationAnnotationTest@8458f04]" started-at="2024-06-25T13:03:16 IST" name="configBM" finished-at="2024-06-25T13:03:22 IST" duration-ms="5961" status="PASS">
          <reporter-output>
          </reporter-output>
        </test-method> <!-- configBM -->
        <test-method signature="CreateOrg()[pri:0, instance:com.comcast.crm.orgtest.CreateOrgwithconfigurationAnnotationTest@8458f04]" started-at="2024-06-25T13:03:22 IST" name="CreateOrg" finished-at="2024-06-25T13:03:50 IST" duration-ms="27834" status="PASS">
          <reporter-output>
          </reporter-output>
        </test-method> <!-- CreateOrg -->
        <test-method is-config="true" signature="configAM()[pri:0, instance:com.comcast.crm.orgtest.CreateOrgwithconfigurationAnnotationTest@8458f04]" started-at="2024-06-25T13:03:50 IST" name="configAM" finished-at="2024-06-25T13:03:52 IST" duration-ms="2088" status="PASS">
          <reporter-output>
          </reporter-output>
        </test-method> <!-- configAM -->
        <test-method is-config="true" signature="configAc()[pri:0, instance:com.comcast.crm.orgtest.CreateOrgwithconfigurationAnnotationTest@8458f04]" started-at="2024-06-25T13:03:52 IST" name="configAc" finished-at="2024-06-25T13:03:53 IST" duration-ms="453" status="PASS">
          <reporter-output>
          </reporter-output>
        </test-method> <!-- configAc -->
        <test-method is-config="true" signature="configBS()[pri:0, instance:com.comcast.crm.orgtest.CreateOrgwithconfigurationAnnotationTest@8458f04]" started-at="2024-06-25T13:03:53 IST" name="configBS" finished-at="2024-06-25T13:03:53 IST" duration-ms="12" status="PASS">
          <reporter-output>
          </reporter-output>
        </test-method> <!-- configBS -->
      </class> <!-- com.comcast.crm.orgtest.CreateOrgwithconfigurationAnnotationTest -->
    </test> <!-- Default test -->
  </suite> <!-- Default suite -->
</testng-results>
